This file contains any messages produced by compilers while
running configure, to aid debugging if configure makes a mistake.

It was created by univalue configure 1.0.2, which was
generated by GNU Autoconf 2.69.  Invocation command line was

  $ ./configure --disable-option-checking --prefix=/usr/local --with-incompatible-bdb --disable-shared --with-pic --with-bignum=no --enable-module-recovery --disable-jni --cache-file=/dev/null --srcdir=.

## --------- ##
## Platform. ##
## --------- ##

hostname = debianvm1
uname -m = x86_64
uname -r = 3.16.7-ckt25-xrebuild
uname -s = Linux
uname -v = #3 SMP Tue Jun 7 23:50:03 CDT 2016

/usr/bin/uname -p = unknown
/bin/uname -X     = unknown

/bin/arch              = unknown
/usr/bin/arch -k       = unknown
/usr/convex/getsysinfo = unknown
/usr/bin/hostinfo      = unknown
/bin/machine           = unknown
/usr/bin/oslevel       = unknown
/bin/universe          = unknown

PATH: /usr/local/bin
PATH: /usr/bin
PATH: /bin
PATH: /usr/local/games
PATH: /usr/games


## ----------- ##
## Core tests. ##
## ----------- ##

configure:2266: checking whether make supports nested variables
configure:2283: result: yes
configure:2345: checking for a BSD-compatible install
configure:2413: result: /usr/bin/install -c
configure:2424: checking whether build environment is sane
configure:2479: result: yes
configure:2630: checking for a thread-safe mkdir -p
configure:2669: result: /bin/mkdir -p
configure:2676: checking for gawk
configure:2692: found /usr/bin/gawk
configure:2703: result: gawk
configure:2714: checking whether make sets $(MAKE)
configure:2736: result: yes
configure:2914: checking build system type
configure:2928: result: x86_64-unknown-linux-gnu
configure:2948: checking host system type
configure:2961: result: x86_64-unknown-linux-gnu
configure:3002: checking how to print strings
configure:3029: result: printf
configure:3062: checking for style of include used by make
configure:3090: result: GNU
configure:3161: checking for gcc
configure:3177: found /usr/bin/gcc
configure:3188: result: gcc
configure:3417: checking for C compiler version
configure:3426: gcc --version >&5
gcc (Debian 4.9.2-10) 4.9.2
Copyright (C) 2014 Free Software Foundation, Inc.
This is free software; see the source for copying conditions.  There is NO
warranty; not even for MERCHANTABILITY or FITNESS FOR A PARTICULAR PURPOSE.

configure:3437: $? = 0
configure:3426: gcc -v >&5
Using built-in specs.
COLLECT_GCC=gcc
COLLECT_LTO_WRAPPER=/usr/lib/gcc/x86_64-linux-gnu/4.9/lto-wrapper
Target: x86_64-linux-gnu
Configured with: ../src/configure -v --with-pkgversion='Debian 4.9.2-10' --with-bugurl=file:///usr/share/doc/gcc-4.9/README.Bugs --enable-languages=c,c++,java,go,d,fortran,objc,obj-c++ --prefix=/usr --program-suffix=-4.9 --enable-shared --enable-linker-build-id --libexecdir=/usr/lib --without-included-gettext --enable-threads=posix --with-gxx-include-dir=/usr/include/c++/4.9 --libdir=/usr/lib --enable-nls --with-sysroot=/ --enable-clocale=gnu --enable-libstdcxx-debug --enable-libstdcxx-time=yes --enable-gnu-unique-object --disable-vtable-verify --enable-plugin --with-system-zlib --disable-browser-plugin --enable-java-awt=gtk --enable-gtk-cairo --with-java-home=/usr/lib/jvm/java-1.5.0-gcj-4.9-amd64/jre --enable-java-home --with-jvm-root-dir=/usr/lib/jvm/java-1.5.0-gcj-4.9-amd64 --with-jvm-jar-dir=/usr/lib/jvm-exports/java-1.5.0-gcj-4.9-amd64 --with-arch-directory=amd64 --with-ecj-jar=/usr/share/java/eclipse-ecj.jar --enable-objc-gc --enable-multiarch --with-arch-32=i586 --with-abi=m64 --with-multilib-list=m32,m64,mx32 --enable-multilib --with-tune=generic --enable-checking=release --build=x86_64-linux-gnu --host=x86_64-linux-gnu --target=x86_64-linux-gnu
Thread model: posix
gcc version 4.9.2 (Debian 4.9.2-10) 
configure:3437: $? = 0
configure:3426: gcc -V >&5
gcc: error: unrecognized command line option '-V'
gcc: fatal error: no input files
compilation terminated.
configure:3437: $? = 4
configure:3426: gcc -qversion >&5
gcc: error: unrecognized command line option '-qversion'
gcc: fatal error: no input files
compilation terminated.
configure:3437: $? = 4
configure:3457: checking whether the C compiler works
configure:3479: gcc    conftest.c  >&5
configure:3483: $? = 0
configure:3531: result: yes
configure:3534: checking for C compiler default output file name
configure:3536: result: a.out
configure:3542: checking for suffix of executables
configure:3549: gcc -o conftest    conftest.c  >&5
configure:3553: $? = 0
configure:3575: result: 
configure:3597: checking whether we are cross compiling
configure:3605: gcc -o conftest    conftest.c  >&5
configure:3609: $? = 0
configure:3616: ./conftest
configure:3620: $? = 0
configure:3635: result: no
configure:3640: checking for suffix of object files
configure:3662: gcc -c   conftest.c >&5
configure:3666: $? = 0
configure:3687: result: o
configure:3691: checking whether we are using the GNU C compiler
configure:3710: gcc -c   conftest.c >&5
configure:3710: $? = 0
configure:3719: result: yes
configure:3728: checking whether gcc accepts -g
configure:3748: gcc -c -g  conftest.c >&5
configure:3748: $? = 0
configure:3789: result: yes
configure:3806: checking for gcc option to accept ISO C89
configure:3869: gcc  -c -g -O2  conftest.c >&5
configure:3869: $? = 0
configure:3882: result: none needed
configure:3907: checking whether gcc understands -c and -o together
configure:3929: gcc -c conftest.c -o conftest2.o
configure:3932: $? = 0
configure:3929: gcc -c conftest.c -o conftest2.o
configure:3932: $? = 0
configure:3944: result: yes
configure:3963: checking dependency style of gcc
configure:4074: result: gcc3
configure:4089: checking for a sed that does not truncate output
configure:4153: result: /bin/sed
configure:4171: checking for grep that handles long lines and -e
configure:4229: result: /bin/grep
configure:4234: checking for egrep
configure:4296: result: /bin/grep -E
configure:4301: checking for fgrep
configure:4363: result: /bin/grep -F
configure:4398: checking for ld used by gcc
configure:4465: result: /usr/bin/ld
configure:4472: checking if the linker (/usr/bin/ld) is GNU ld
configure:4487: result: yes
configure:4499: checking for BSD- or MS-compatible name lister (nm)
configure:4548: result: /usr/bin/nm -B
configure:4678: checking the name lister (/usr/bin/nm -B) interface
configure:4685: gcc -c -g -O2  conftest.c >&5
configure:4688: /usr/bin/nm -B "conftest.o"
configure:4691: output
0000000000000000 B some_variable
configure:4698: result: BSD nm
configure:4701: checking whether ln -s works
configure:4705: result: yes
configure:4713: checking the maximum length of command line arguments
configure:4844: result: 1572864
configure:4861: checking whether the shell understands some XSI constructs
configure:4871: result: yes
configure:4875: checking whether the shell understands "+="
configure:4881: result: yes
configure:4916: checking how to convert x86_64-unknown-linux-gnu file names to x86_64-unknown-linux-gnu format
configure:4956: result: func_convert_file_noop
configure:4963: checking how to convert x86_64-unknown-linux-gnu file names to toolchain format
configure:4983: result: func_convert_file_noop
configure:4990: checking for /usr/bin/ld option to reload object files
configure:4997: result: -r
configure:5071: checking for objdump
configure:5087: found /usr/bin/objdump
configure:5098: result: objdump
configure:5130: checking how to recognize dependent libraries
configure:5328: result: pass_all
configure:5413: checking for dlltool
configure:5443: result: no
configure:5473: checking how to associate runtime and link libraries
configure:5500: result: printf %s\n
configure:5561: checking for ar
configure:5577: found /usr/bin/ar
configure:5588: result: ar
configure:5625: checking for archiver @FILE support
configure:5642: gcc -c -g -O2  conftest.c >&5
configure:5642: $? = 0
configure:5645: ar cru libconftest.a @conftest.lst >&5
configure:5648: $? = 0
configure:5653: ar cru libconftest.a @conftest.lst >&5
ar: conftest.o: No such file or directory
configure:5656: $? = 1
configure:5668: result: @
configure:5726: checking for strip
configure:5742: found /usr/bin/strip
configure:5753: result: strip
configure:5825: checking for ranlib
configure:5841: found /usr/bin/ranlib
configure:5852: result: ranlib
configure:5954: checking command to parse /usr/bin/nm -B output from gcc object
configure:6074: gcc -c -g -O2  conftest.c >&5
configure:6077: $? = 0
configure:6081: /usr/bin/nm -B conftest.o \| sed -n -e 's/^.*[ ]\([ABCDGIRSTW][ABCDGIRSTW]*\)[ ][ ]*\([_A-Za-z][_A-Za-z0-9]*\)$/\1 \2 \2/p' | sed '/ __gnu_lto/d' \> conftest.nm
configure:6084: $? = 0
configure:6150: gcc -o conftest -g -O2   conftest.c conftstm.o >&5
configure:6153: $? = 0
configure:6191: result: ok
configure:6228: checking for sysroot
configure:6258: result: no
configure:6335: gcc -c -g -O2  conftest.c >&5
configure:6338: $? = 0
configure:6527: checking for mt
configure:6543: found /bin/mt
configure:6554: result: mt
configure:6577: checking if mt is a manifest tool
configure:6583: mt '-?'
configure:6591: result: no
configure:7233: checking how to run the C preprocessor
configure:7264: gcc -E  conftest.c
configure:7264: $? = 0
configure:7278: gcc -E  conftest.c
conftest.c:11:28: fatal error: ac_nonexistent.h: No such file or directory
 #include <ac_nonexistent.h>
                            ^
compilation terminated.
configure:7278: $? = 1
configure: failed program was:
| /* confdefs.h */
| #define PACKAGE_NAME "univalue"
| #define PACKAGE_TARNAME "univalue"
| #define PACKAGE_VERSION "1.0.2"
| #define PACKAGE_STRING "univalue 1.0.2"
| #define PACKAGE_BUGREPORT "http://github.com/jgarzik/univalue/"
| #define PACKAGE_URL ""
| #define PACKAGE "univalue"
| #define VERSION "1.0.2"
| /* end confdefs.h.  */
| #include <ac_nonexistent.h>
configure:7303: result: gcc -E
configure:7323: gcc -E  conftest.c
configure:7323: $? = 0
configure:7337: gcc -E  conftest.c
conftest.c:11:28: fatal error: ac_nonexistent.h: No such file or directory
 #include <ac_nonexistent.h>
                            ^
compilation terminated.
configure:7337: $? = 1
configure: failed program was:
| /* confdefs.h */
| #define PACKAGE_NAME "univalue"
| #define PACKAGE_TARNAME "univalue"
| #define PACKAGE_VERSION "1.0.2"
| #define PACKAGE_STRING "univalue 1.0.2"
| #define PACKAGE_BUGREPORT "http://github.com/jgarzik/univalue/"
| #define PACKAGE_URL ""
| #define PACKAGE "univalue"
| #define VERSION "1.0.2"
| /* end confdefs.h.  */
| #include <ac_nonexistent.h>
configure:7366: checking for ANSI C header files
configure:7386: gcc -c -g -O2  conftest.c >&5
configure:7386: $? = 0
configure:7459: gcc -o conftest -g -O2   conftest.c  >&5
configure:7459: $? = 0
configure:7459: ./conftest
configure:7459: $? = 0
configure:7470: result: yes
configure:7483: checking for sys/types.h
configure:7483: gcc -c -g -O2  conftest.c >&5
configure:7483: $? = 0
configure:7483: result: yes
configure:7483: checking for sys/stat.h
configure:7483: gcc -c -g -O2  conftest.c >&5
configure:7483: $? = 0
configure:7483: result: yes
configure:7483: checking for stdlib.h
configure:7483: gcc -c -g -O2  conftest.c >&5
configure:7483: $? = 0
configure:7483: result: yes
configure:7483: checking for string.h
configure:7483: gcc -c -g -O2  conftest.c >&5
configure:7483: $? = 0
configure:7483: result: yes
configure:7483: checking for memory.h
configure:7483: gcc -c -g -O2  conftest.c >&5
configure:7483: $? = 0
configure:7483: result: yes
configure:7483: checking for strings.h
configure:7483: gcc -c -g -O2  conftest.c >&5
configure:7483: $? = 0
configure:7483: result: yes
configure:7483: checking for inttypes.h
configure:7483: gcc -c -g -O2  conftest.c >&5
configure:7483: $? = 0
configure:7483: result: yes
configure:7483: checking for stdint.h
configure:7483: gcc -c -g -O2  conftest.c >&5
configure:7483: $? = 0
configure:7483: result: yes
configure:7483: checking for unistd.h
configure:7483: gcc -c -g -O2  conftest.c >&5
configure:7483: $? = 0
configure:7483: result: yes
configure:7497: checking for dlfcn.h
configure:7497: gcc -c -g -O2  conftest.c >&5
configure:7497: $? = 0
configure:7497: result: yes
configure:7703: checking for objdir
configure:7718: result: .libs
configure:7989: checking if gcc supports -fno-rtti -fno-exceptions
configure:8007: gcc -c -g -O2  -fno-rtti -fno-exceptions conftest.c >&5
cc1: warning: command line option '-fno-rtti' is valid for C++/ObjC++ but not for C
configure:8011: $? = 0
configure:8024: result: no
configure:8351: checking for gcc option to produce PIC
configure:8358: result: -fPIC -DPIC
configure:8366: checking if gcc PIC flag -fPIC -DPIC works
configure:8384: gcc -c -g -O2  -fPIC -DPIC -DPIC conftest.c >&5
configure:8388: $? = 0
configure:8401: result: yes
configure:8430: checking if gcc static flag -static works
configure:8458: result: yes
configure:8473: checking if gcc supports -c -o file.o
configure:8494: gcc -c -g -O2  -o out/conftest2.o conftest.c >&5
configure:8498: $? = 0
configure:8520: result: yes
configure:8528: checking if gcc supports -c -o file.o
configure:8575: result: yes
configure:8608: checking whether the gcc linker (/usr/bin/ld -m elf_x86_64) supports shared libraries
configure:9765: result: yes
configure:10005: checking dynamic linker characteristics
configure:10505: gcc -o conftest -g -O2   -Wl,-rpath -Wl,/foo conftest.c  >&5
configure:10505: $? = 0
configure:10739: result: GNU/Linux ld.so
configure:10846: checking how to hardcode library paths into programs
configure:10871: result: immediate
configure:11411: checking whether stripping libraries is possible
configure:11416: result: yes
configure:11451: checking if libtool supports shared libraries
configure:11453: result: yes
configure:11456: checking whether to build shared libraries
configure:11477: result: no
configure:11480: checking whether to build static libraries
configure:11484: result: yes
configure:11579: checking for g++
configure:11595: found /usr/bin/g++
configure:11606: result: g++
configure:11633: checking for C++ compiler version
configure:11642: g++ --version >&5
g++ (Debian 4.9.2-10) 4.9.2
Copyright (C) 2014 Free Software Foundation, Inc.
This is free software; see the source for copying conditions.  There is NO
warranty; not even for MERCHANTABILITY or FITNESS FOR A PARTICULAR PURPOSE.

configure:11653: $? = 0
configure:11642: g++ -v >&5
Using built-in specs.
COLLECT_GCC=g++
COLLECT_LTO_WRAPPER=/usr/lib/gcc/x86_64-linux-gnu/4.9/lto-wrapper
Target: x86_64-linux-gnu
Configured with: ../src/configure -v --with-pkgversion='Debian 4.9.2-10' --with-bugurl=file:///usr/share/doc/gcc-4.9/README.Bugs --enable-languages=c,c++,java,go,d,fortran,objc,obj-c++ --prefix=/usr --program-suffix=-4.9 --enable-shared --enable-linker-build-id --libexecdir=/usr/lib --without-included-gettext --enable-threads=posix --with-gxx-include-dir=/usr/include/c++/4.9 --libdir=/usr/lib --enable-nls --with-sysroot=/ --enable-clocale=gnu --enable-libstdcxx-debug --enable-libstdcxx-time=yes --enable-gnu-unique-object --disable-vtable-verify --enable-plugin --with-system-zlib --disable-browser-plugin --enable-java-awt=gtk --enable-gtk-cairo --with-java-home=/usr/lib/jvm/java-1.5.0-gcj-4.9-amd64/jre --enable-java-home --with-jvm-root-dir=/usr/lib/jvm/java-1.5.0-gcj-4.9-amd64 --with-jvm-jar-dir=/usr/lib/jvm-exports/java-1.5.0-gcj-4.9-amd64 --with-arch-directory=amd64 --with-ecj-jar=/usr/share/java/eclipse-ecj.jar --enable-objc-gc --enable-multiarch --with-arch-32=i586 --with-abi=m64 --with-multilib-list=m32,m64,mx32 --enable-multilib --with-tune=generic --enable-checking=release --build=x86_64-linux-gnu --host=x86_64-linux-gnu --target=x86_64-linux-gnu
Thread model: posix
gcc version 4.9.2 (Debian 4.9.2-10) 
configure:11653: $? = 0
configure:11642: g++ -V >&5
g++: error: unrecognized command line option '-V'
g++: fatal error: no input files
compilation terminated.
configure:11653: $? = 4
configure:11642: g++ -qversion >&5
g++: error: unrecognized command line option '-qversion'
g++: fatal error: no input files
compilation terminated.
configure:11653: $? = 4
configure:11657: checking whether we are using the GNU C++ compiler
configure:11676: g++ -c   conftest.cpp >&5
configure:11676: $? = 0
configure:11685: result: yes
configure:11694: checking whether g++ accepts -g
configure:11714: g++ -c -g  conftest.cpp >&5
configure:11714: $? = 0
configure:11755: result: yes
configure:11780: checking dependency style of g++
configure:11891: result: gcc3
configure:11925: checking how to run the C++ preprocessor
configure:11952: g++ -E  conftest.cpp
configure:11952: $? = 0
configure:11966: g++ -E  conftest.cpp
conftest.cpp:23:28: fatal error: ac_nonexistent.h: No such file or directory
 #include <ac_nonexistent.h>
                            ^
compilation terminated.
configure:11966: $? = 1
configure: failed program was:
| /* confdefs.h */
| #define PACKAGE_NAME "univalue"
| #define PACKAGE_TARNAME "univalue"
| #define PACKAGE_VERSION "1.0.2"
| #define PACKAGE_STRING "univalue 1.0.2"
| #define PACKAGE_BUGREPORT "http://github.com/jgarzik/univalue/"
| #define PACKAGE_URL ""
| #define PACKAGE "univalue"
| #define VERSION "1.0.2"
| #define STDC_HEADERS 1
| #define HAVE_SYS_TYPES_H 1
| #define HAVE_SYS_STAT_H 1
| #define HAVE_STDLIB_H 1
| #define HAVE_STRING_H 1
| #define HAVE_MEMORY_H 1
| #define HAVE_STRINGS_H 1
| #define HAVE_INTTYPES_H 1
| #define HAVE_STDINT_H 1
| #define HAVE_UNISTD_H 1
| #define HAVE_DLFCN_H 1
| #define LT_OBJDIR ".libs/"
| /* end confdefs.h.  */
| #include <ac_nonexistent.h>
configure:11991: result: g++ -E
configure:12011: g++ -E  conftest.cpp
configure:12011: $? = 0
configure:12025: g++ -E  conftest.cpp
conftest.cpp:23:28: fatal error: ac_nonexistent.h: No such file or directory
 #include <ac_nonexistent.h>
                            ^
compilation terminated.
configure:12025: $? = 1
configure: failed program was:
| /* confdefs.h */
| #define PACKAGE_NAME "univalue"
| #define PACKAGE_TARNAME "univalue"
| #define PACKAGE_VERSION "1.0.2"
| #define PACKAGE_STRING "univalue 1.0.2"
| #define PACKAGE_BUGREPORT "http://github.com/jgarzik/univalue/"
| #define PACKAGE_URL ""
| #define PACKAGE "univalue"
| #define VERSION "1.0.2"
| #define STDC_HEADERS 1
| #define HAVE_SYS_TYPES_H 1
| #define HAVE_SYS_STAT_H 1
| #define HAVE_STDLIB_H 1
| #define HAVE_STRING_H 1
| #define HAVE_MEMORY_H 1
| #define HAVE_STRINGS_H 1
| #define HAVE_INTTYPES_H 1
| #define HAVE_STDINT_H 1
| #define HAVE_UNISTD_H 1
| #define HAVE_DLFCN_H 1
| #define LT_OBJDIR ".libs/"
| /* end confdefs.h.  */
| #include <ac_nonexistent.h>
configure:12194: checking for ld used by g++
configure:12261: result: /usr/bin/ld -m elf_x86_64
configure:12268: checking if the linker (/usr/bin/ld -m elf_x86_64) is GNU ld
configure:12283: result: yes
configure:12338: checking whether the g++ linker (/usr/bin/ld -m elf_x86_64) supports shared libraries
configure:13340: result: yes
configure:13376: g++ -c -g -O2  conftest.cpp >&5
configure:13379: $? = 0
configure:13899: checking for g++ option to produce PIC
configure:13906: result: -fPIC -DPIC
configure:13914: checking if g++ PIC flag -fPIC -DPIC works
configure:13932: g++ -c -g -O2  -fPIC -DPIC -DPIC conftest.cpp >&5
configure:13936: $? = 0
configure:13949: result: yes
configure:13972: checking if g++ static flag -static works
configure:14000: result: yes
configure:14012: checking if g++ supports -c -o file.o
configure:14033: g++ -c -g -O2  -o out/conftest2.o conftest.cpp >&5
configure:14037: $? = 0
configure:14059: result: yes
configure:14064: checking if g++ supports -c -o file.o
configure:14111: result: yes
configure:14141: checking whether the g++ linker (/usr/bin/ld -m elf_x86_64) supports shared libraries
configure:14180: result: yes
configure:14321: checking dynamic linker characteristics
configure:14989: result: GNU/Linux ld.so
configure:15042: checking how to hardcode library paths into programs
configure:15067: result: immediate
configure:15235: checking that generated files are newer than configure
configure:15241: result: done
configure:15268: creating ./config.status

## ---------------------- ##
## Running config.status. ##
## ---------------------- ##

This file was extended by univalue config.status 1.0.2, which was
generated by GNU Autoconf 2.69.  Invocation command line was

  CONFIG_FILES    = 
  CONFIG_HEADERS  = 
  CONFIG_LINKS    = 
  CONFIG_COMMANDS = 
  $ ./config.status 

on debianvm1

config.status:1150: creating Makefile
config.status:1150: creating pc/libunivalue.pc
config.status:1150: creating pc/libunivalue-uninstalled.pc
config.status:1150: creating univalue-config.h
config.status:1379: executing depfiles commands
config.status:1379: executing libtool commands

## ---------------- ##
## Cache variables. ##
## ---------------- ##

ac_cv_build=x86_64-unknown-linux-gnu
ac_cv_c_compiler_gnu=yes
ac_cv_cxx_compiler_gnu=yes
ac_cv_env_CCC_set=
ac_cv_env_CCC_value=
ac_cv_env_CC_set=
ac_cv_env_CC_value=
ac_cv_env_CFLAGS_set=
ac_cv_env_CFLAGS_value=
ac_cv_env_CPPFLAGS_set=
ac_cv_env_CPPFLAGS_value=
ac_cv_env_CPP_set=
ac_cv_env_CPP_value=
ac_cv_env_CXXCPP_set=
ac_cv_env_CXXCPP_value=
ac_cv_env_CXXFLAGS_set=
ac_cv_env_CXXFLAGS_value=
ac_cv_env_CXX_set=
ac_cv_env_CXX_value=
ac_cv_env_LDFLAGS_set=
ac_cv_env_LDFLAGS_value=
ac_cv_env_LIBS_set=
ac_cv_env_LIBS_value=
ac_cv_env_build_alias_set=
ac_cv_env_build_alias_value=
ac_cv_env_host_alias_set=
ac_cv_env_host_alias_value=
ac_cv_env_target_alias_set=
ac_cv_env_target_alias_value=
ac_cv_header_dlfcn_h=yes
ac_cv_header_inttypes_h=yes
ac_cv_header_memory_h=yes
ac_cv_header_stdc=yes
ac_cv_header_stdint_h=yes
ac_cv_header_stdlib_h=yes
ac_cv_header_string_h=yes
ac_cv_header_strings_h=yes
ac_cv_header_sys_stat_h=yes
ac_cv_header_sys_types_h=yes
ac_cv_header_unistd_h=yes
ac_cv_host=x86_64-unknown-linux-gnu
ac_cv_objext=o
ac_cv_path_EGREP='/bin/grep -E'
ac_cv_path_FGREP='/bin/grep -F'
ac_cv_path_GREP=/bin/grep
ac_cv_path_SED=/bin/sed
ac_cv_path_install='/usr/bin/install -c'
ac_cv_path_mkdir=/bin/mkdir
ac_cv_prog_AWK=gawk
ac_cv_prog_CPP='gcc -E'
ac_cv_prog_CXXCPP='g++ -E'
ac_cv_prog_ac_ct_AR=ar
ac_cv_prog_ac_ct_CC=gcc
ac_cv_prog_ac_ct_CXX=g++
ac_cv_prog_ac_ct_MANIFEST_TOOL=mt
ac_cv_prog_ac_ct_OBJDUMP=objdump
ac_cv_prog_ac_ct_RANLIB=ranlib
ac_cv_prog_ac_ct_STRIP=strip
ac_cv_prog_cc_c89=
ac_cv_prog_cc_g=yes
ac_cv_prog_cxx_g=yes
ac_cv_prog_make_make_set=yes
am_cv_CC_dependencies_compiler_type=gcc3
am_cv_CXX_dependencies_compiler_type=gcc3
am_cv_make_support_nested_variables=yes
am_cv_prog_cc_c_o=yes
lt_cv_ar_at_file=@
lt_cv_deplibs_check_method=pass_all
lt_cv_file_magic_cmd='$MAGIC_CMD'
lt_cv_file_magic_test_file=
lt_cv_ld_reload_flag=-r
lt_cv_nm_interface='BSD nm'
lt_cv_objdir=.libs
lt_cv_path_LD=/usr/bin/ld
lt_cv_path_LDCXX='/usr/bin/ld -m elf_x86_64'
lt_cv_path_NM='/usr/bin/nm -B'
lt_cv_path_mainfest_tool=no
lt_cv_prog_compiler_c_o=yes
lt_cv_prog_compiler_c_o_CXX=yes
lt_cv_prog_compiler_pic='-fPIC -DPIC'
lt_cv_prog_compiler_pic_CXX='-fPIC -DPIC'
lt_cv_prog_compiler_pic_works=yes
lt_cv_prog_compiler_pic_works_CXX=yes
lt_cv_prog_compiler_rtti_exceptions=no
lt_cv_prog_compiler_static_works=yes
lt_cv_prog_compiler_static_works_CXX=yes
lt_cv_prog_gnu_ld=yes
lt_cv_prog_gnu_ldcxx=yes
lt_cv_sharedlib_from_linklib_cmd='printf %s\n'
lt_cv_shlibpath_overrides_runpath=no
lt_cv_sys_global_symbol_pipe='sed -n -e '\''s/^.*[	 ]\([ABCDGIRSTW][ABCDGIRSTW]*\)[	 ][	 ]*\([_A-Za-z][_A-Za-z0-9]*\)$/\1 \2 \2/p'\'' | sed '\''/ __gnu_lto/d'\'''
lt_cv_sys_global_symbol_to_c_name_address='sed -n -e '\''s/^: \([^ ]*\)[ ]*$/  {\"\1\", (void *) 0},/p'\'' -e '\''s/^[ABCDGIRSTW]* \([^ ]*\) \([^ ]*\)$/  {"\2", (void *) \&\2},/p'\'''
lt_cv_sys_global_symbol_to_c_name_address_lib_prefix='sed -n -e '\''s/^: \([^ ]*\)[ ]*$/  {\"\1\", (void *) 0},/p'\'' -e '\''s/^[ABCDGIRSTW]* \([^ ]*\) \(lib[^ ]*\)$/  {"\2", (void *) \&\2},/p'\'' -e '\''s/^[ABCDGIRSTW]* \([^ ]*\) \([^ ]*\)$/  {"lib\2", (void *) \&\2},/p'\'''
lt_cv_sys_global_symbol_to_cdecl='sed -n -e '\''s/^T .* \(.*\)$/extern int \1();/p'\'' -e '\''s/^[ABCDGIRSTW]* .* \(.*\)$/extern char \1;/p'\'''
lt_cv_sys_max_cmd_len=1572864
lt_cv_to_host_file_cmd=func_convert_file_noop
lt_cv_to_tool_file_cmd=func_convert_file_noop

## ----------------- ##
## Output variables. ##
## ----------------- ##

ACLOCAL='${SHELL} /home/xman/projects/bitcoin_clone/src/univalue/build-aux/missing aclocal-1.14'
AMDEPBACKSLASH='\'
AMDEP_FALSE='#'
AMDEP_TRUE=''
AMTAR='$${TAR-tar}'
AM_BACKSLASH='\'
AM_DEFAULT_V='$(AM_DEFAULT_VERBOSITY)'
AM_DEFAULT_VERBOSITY='0'
AM_V='$(V)'
AR='ar'
AUTOCONF='${SHELL} /home/xman/projects/bitcoin_clone/src/univalue/build-aux/missing autoconf'
AUTOHEADER='${SHELL} /home/xman/projects/bitcoin_clone/src/univalue/build-aux/missing autoheader'
AUTOMAKE='${SHELL} /home/xman/projects/bitcoin_clone/src/univalue/build-aux/missing automake-1.14'
AWK='gawk'
BUILD_EXEEXT=''
CC='gcc'
CCDEPMODE='depmode=gcc3'
CFLAGS='-g -O2'
CPP='gcc -E'
CPPFLAGS=''
CXX='g++'
CXXCPP='g++ -E'
CXXDEPMODE='depmode=gcc3'
CXXFLAGS='-g -O2'
CYGPATH_W='echo'
DEFS='-DHAVE_CONFIG_H'
DEPDIR='.deps'
DLLTOOL='false'
DSYMUTIL=''
DUMPBIN=''
ECHO_C=''
ECHO_N='-n'
ECHO_T=''
EGREP='/bin/grep -E'
EXEEXT=''
FGREP='/bin/grep -F'
GREP='/bin/grep'
INSTALL_DATA='${INSTALL} -m 644'
INSTALL_PROGRAM='${INSTALL}'
INSTALL_SCRIPT='${INSTALL}'
INSTALL_STRIP_PROGRAM='$(install_sh) -c -s'
LD='/usr/bin/ld -m elf_x86_64'
LDFLAGS=''
LIBOBJS=''
LIBS=''
LIBTOOL='$(SHELL) $(top_builddir)/libtool'
LIBTOOL_APP_LDFLAGS=''
LIBUNIVALUE_AGE='100'
LIBUNIVALUE_CURRENT='100'
LIBUNIVALUE_REVISION='2'
LIPO=''
LN_S='ln -s'
LTLIBOBJS=''
MAKEINFO='${SHELL} /home/xman/projects/bitcoin_clone/src/univalue/build-aux/missing makeinfo'
MANIFEST_TOOL=':'
MKDIR_P='/bin/mkdir -p'
NM='/usr/bin/nm -B'
NMEDIT=''
OBJDUMP='objdump'
OBJEXT='o'
OTOOL64=''
OTOOL=''
PACKAGE='univalue'
PACKAGE_BUGREPORT='http://github.com/jgarzik/univalue/'
PACKAGE_NAME='univalue'
PACKAGE_STRING='univalue 1.0.2'
PACKAGE_TARNAME='univalue'
PACKAGE_URL=''
PACKAGE_VERSION='1.0.2'
PATH_SEPARATOR=':'
RANLIB='ranlib'
SED='/bin/sed'
SET_MAKE=''
SHELL='/bin/bash'
STRIP='strip'
VERSION='1.0.2'
ac_ct_AR='ar'
ac_ct_CC='gcc'
ac_ct_CXX='g++'
ac_ct_DUMPBIN=''
am__EXEEXT_FALSE=''
am__EXEEXT_TRUE='#'
am__fastdepCC_FALSE='#'
am__fastdepCC_TRUE=''
am__fastdepCXX_FALSE='#'
am__fastdepCXX_TRUE=''
am__include='include'
am__isrc=''
am__leading_dot='.'
am__nodep='_no'
am__quote=''
am__tar='$${TAR-tar} chof - "$$tardir"'
am__untar='$${TAR-tar} xf -'
bindir='${exec_prefix}/bin'
build='x86_64-unknown-linux-gnu'
build_alias=''
build_cpu='x86_64'
build_os='linux-gnu'
build_vendor='unknown'
datadir='${datarootdir}'
datarootdir='${prefix}/share'
docdir='${datarootdir}/doc/${PACKAGE_TARNAME}'
dvidir='${docdir}'
exec_prefix='${prefix}'
host='x86_64-unknown-linux-gnu'
host_alias=''
host_cpu='x86_64'
host_os='linux-gnu'
host_vendor='unknown'
htmldir='${docdir}'
includedir='${prefix}/include'
infodir='${datarootdir}/info'
install_sh='${SHELL} /home/xman/projects/bitcoin_clone/src/univalue/build-aux/install-sh'
libdir='${exec_prefix}/lib'
libexecdir='${exec_prefix}/libexec'
localedir='${datarootdir}/locale'
localstatedir='${prefix}/var'
mandir='${datarootdir}/man'
mkdir_p='$(MKDIR_P)'
oldincludedir='/usr/include'
pdfdir='${docdir}'
prefix='/usr/local'
program_transform_name='s,x,x,'
psdir='${docdir}'
sbindir='${exec_prefix}/sbin'
sharedstatedir='${prefix}/com'
sysconfdir='${prefix}/etc'
target_alias=''

## ----------- ##
## confdefs.h. ##
## ----------- ##

/* confdefs.h */
#define PACKAGE_NAME "univalue"
#define PACKAGE_TARNAME "univalue"
#define PACKAGE_VERSION "1.0.2"
#define PACKAGE_STRING "univalue 1.0.2"
#define PACKAGE_BUGREPORT "http://github.com/jgarzik/univalue/"
#define PACKAGE_URL ""
#define PACKAGE "univalue"
#define VERSION "1.0.2"
#define STDC_HEADERS 1
#define HAVE_SYS_TYPES_H 1
#define HAVE_SYS_STAT_H 1
#define HAVE_STDLIB_H 1
#define HAVE_STRING_H 1
#define HAVE_MEMORY_H 1
#define HAVE_STRINGS_H 1
#define HAVE_INTTYPES_H 1
#define HAVE_STDINT_H 1
#define HAVE_UNISTD_H 1
#define HAVE_DLFCN_H 1
#define LT_OBJDIR ".libs/"

configure: exit 0
